Arguments: 
  /usr/bin/node /usr/share/yarn/bin/yarn.js

PATH: 
  /home/rafael/.local/bin:/usr/local/sbin:/usr/local/bin:/usr/sbin:/usr/bin:/sbin:/bin:/usr/games:/usr/local/games:/snap/bin

Yarn version: 
  1.22.5

Node version: 
  13.14.0

Platform: 
  linux x64

Trace: 
  Error: EACCES: permission denied, mkdir '/home/rafael/mangas/node/manga-reader/web/node_modules/@babel/core/node_modules/debug'

npm manifest: 
  {
    "name": "web",
    "version": "0.1.0",
    "private": true,
    "dependencies": {
      "@testing-library/jest-dom": "^4.2.4",
      "@testing-library/react": "^9.5.0",
      "@testing-library/user-event": "^7.2.1",
      "@types/jest": "^24.9.1",
      "@types/node": "^12.12.62",
      "@types/react": "^16.9.49",
      "@types/react-dom": "^16.9.8",
      "axios": "^0.20.0",
      "classnames": "^2.2.6",
      "cors": "^2.8.5",
      "react": "^16.13.1",
      "react-dom": "^16.13.1",
      "react-icons": "^3.11.0",
      "react-router-dom": "^5.2.0",
      "react-scripts": "3.4.3",
      "react-scroll": "^1.8.1",
      "typescript": "^3.7.5"
    },
    "scripts": {
      "start": "react-scripts start",
      "build": "react-scripts build",
      "test": "react-scripts test",
      "eject": "react-scripts eject"
    },
    "eslintConfig": {
      "extends": "react-app"
    },
    "browserslist": {
      "production": [
        ">0.2%",
        "not dead",
        "not op_mini all"
      ],
      "development": [
        "last 1 chrome version",
        "last 1 firefox version",
        "last 1 safari version"
      ]
    },
    "devDependencies": {
      "@types/classnames": "^2.2.10",
      "@types/react-router-dom": "^5.1.5"
    }
  }

yarn manifest: 
  No manifest

Lockfile: 
  No lockfile
